<?xml version="1.0" encoding="UTF-8"?>
<!-- Generated by org.testng.reporters.JUnitReportReporter -->
<testsuite skipped="0" hostname="Chintu-PC" name="script.ValidLogin" tests="1" failures="0" timestamp="17 Dec 2018 17:04:04 GMT" time="10.318" errors="0">
  <testcase name="testValidLogin" time="10.318" classname="script.ValidLogin"/>
</testsuite> <!-- script.ValidLogin -->
