<?xml version="1.0" encoding="UTF-8"?>
<!-- Generated by org.testng.reporters.JUnitReportReporter -->
<testsuite skipped="0" hostname="Chintu-PC" name="script.TestAddTaskLnk" tests="1" failures="0" timestamp="04 Jan 2019 20:07:23 GMT" time="16.888" errors="0">
  <testcase name="AddTaskLnk" time="16.888" classname="script.TestAddTaskLnk"/>
</testsuite> <!-- script.TestAddTaskLnk -->
