<?xml version="1.0" encoding="UTF-8"?>
<!-- Generated by org.testng.reporters.JUnitReportReporter -->
<testsuite skipped="0" hostname="Chintu-PC" name="script.TestProductEdition" tests="1" failures="0" timestamp="04 Jan 2019 20:07:23 GMT" time="19.236" errors="0">
  <testcase name="ProductEdition" time="19.236" classname="script.TestProductEdition"/>
</testsuite> <!-- script.TestProductEdition -->
