<?xml version="1.0" encoding="UTF-8"?>
<!-- Generated by org.testng.reporters.JUnitReportReporter -->
<testsuite skipped="0" hostname="Chintu-PC" name="script.TestAddTaskLnk" tests="1" failures="0" timestamp="24 Dec 2018 13:34:52 GMT" time="13.867" errors="0">
  <testcase name="AddTaskLnk" time="13.867" classname="script.TestAddTaskLnk"/>
</testsuite> <!-- script.TestAddTaskLnk -->
