<?xml version="1.0" encoding="UTF-8"?>
<!-- Generated by org.testng.reporters.JUnitReportReporter -->
<testsuite skipped="0" hostname="Chintu-PC" name="script.InvaidLogin" tests="1" failures="0" timestamp="04 Jan 2019 20:07:23 GMT" time="25.380" errors="0">
  <testcase name="InVaidLogin" time="25.380" classname="script.InvaidLogin"/>
</testsuite> <!-- script.InvaidLogin -->
