<?xml version="1.0" encoding="UTF-8"?>
<!-- Generated by org.testng.reporters.JUnitReportReporter -->
<testsuite skipped="0" hostname="Chintu-PC" name="script.ValidLogin" tests="1" failures="0" timestamp="04 Jan 2019 20:07:23 GMT" time="10.283" errors="0">
  <testcase name="testValidLogin" time="10.283" classname="script.ValidLogin"/>
</testsuite> <!-- script.ValidLogin -->
