<?xml version="1.0" encoding="UTF-8"?>
<!-- Generated by org.testng.reporters.JUnitReportReporter -->
<testsuite skipped="0" hostname="Chintu-PC" name="script.InvaidLogin" tests="1" failures="0" timestamp="06 Jan 2019 16:52:02 GMT" time="26.047" errors="0">
  <testcase name="InVaidLogin" time="26.047" classname="script.InvaidLogin"/>
</testsuite> <!-- script.InvaidLogin -->
