<?xml version="1.0" encoding="UTF-8"?>
<!-- Generated by org.testng.reporters.JUnitReportReporter -->
<testsuite skipped="0" hostname="Chintu-PC" name="script.TestProductEdition" tests="1" failures="0" timestamp="06 Jan 2019 16:52:02 GMT" time="15.232" errors="0">
  <testcase name="ProductEdition" time="15.232" classname="script.TestProductEdition"/>
</testsuite> <!-- script.TestProductEdition -->
