<?xml version="1.0" encoding="UTF-8"?>
<!-- Generated by org.testng.reporters.JUnitReportReporter -->
<testsuite skipped="0" hostname="Chintu-PC" name="script.ValidLogin" tests="1" failures="0" timestamp="24 Dec 2018 13:34:52 GMT" time="10.761" errors="0">
  <testcase name="testValidLogin" time="10.761" classname="script.ValidLogin"/>
</testsuite> <!-- script.ValidLogin -->
