<?xml version="1.0" encoding="UTF-8"?>
<!-- Generated by org.testng.reporters.JUnitReportReporter -->
<testsuite skipped="0" hostname="Chintu-PC" name="script.TestProductEdition" tests="1" failures="0" timestamp="24 Dec 2018 13:34:52 GMT" time="17.464" errors="0">
  <testcase name="ProductEdition" time="17.464" classname="script.TestProductEdition"/>
</testsuite> <!-- script.TestProductEdition -->
