<?xml version="1.0" encoding="UTF-8"?>
<!-- Generated by org.testng.reporters.JUnitReportReporter -->
<testsuite skipped="0" hostname="Chintu-PC" name="script.ValidLogin" tests="1" failures="0" timestamp="04 Dec 2018 17:01:21 GMT" time="10.473" errors="0">
  <testcase name="testValidLogin" time="10.473" classname="script.ValidLogin"/>
</testsuite> <!-- script.ValidLogin -->
