<?xml version="1.0" encoding="UTF-8"?>
<!-- Generated by org.testng.reporters.JUnitReportReporter -->
<testsuite skipped="0" hostname="Chintu-PC" name="script.TestProductEdition" tests="1" failures="0" timestamp="04 Dec 2018 17:01:21 GMT" time="15.816" errors="0">
  <testcase name="ProductEdition" time="15.816" classname="script.TestProductEdition"/>
</testsuite> <!-- script.TestProductEdition -->
