<?xml version="1.0" encoding="UTF-8"?>
<!-- Generated by org.testng.reporters.JUnitReportReporter -->
<testsuite skipped="0" hostname="Chintu-PC" name="script.ValidLogin" tests="1" failures="0" timestamp="06 Jan 2019 16:52:02 GMT" time="11.237" errors="0">
  <testcase name="testValidLogin" time="11.237" classname="script.ValidLogin"/>
</testsuite> <!-- script.ValidLogin -->
